<?xml version="1.0" encoding="UTF-8"?>
<!-- Generated by org.testng.reporters.JUnitXMLReporter -->
<testsuite ignored="0" hostname="DESKTOP-MDONFEQ" failures="0" tests="5" name="Default test" time="47.549" errors="0" timestamp="2021-04-26T13:15:43 EDT">
  <testcase classname="testScripts.BblogTestcase" name="loginBBlog" time="11.743"/>
  <testcase classname="testScripts.BblogTestcase" name="addArticle" time="13.326"/>
  <testcase classname="testScripts.BblogTestcase" name="UpdateArticle" time="9.236"/>
  <testcase classname="testScripts.BblogTestcase" name="DeleteArticle" time="5.053"/>
  <testcase classname="testScripts.BblogTestcase" name="logOut" time="8.128"/>
</testsuite> <!-- Default test -->
